Using pre-set license
Built from '2021.1/staging' branch; Version is '2021.1.12f1 (afcadd793de6) revision 11520733'; Using compiler version '192528614'; Build Type 'Release'
OS: 'Windows 10 Pro; OS build 19043.1081; Version 2009; 64bit' Language: 'es' Physical Memory: 16315 MB
BatchMode: 1, IsHumanControllingUs: 0, StartBugReporterOnCrash: 0, Is64bit: 1, IsPro: 0

 COMMAND LINE ARGUMENTS:
C:\Program Files\Unity 2021.1.12f1\Editor\Unity.exe
-adb2
-batchMode
-noUpm
-name
AssetImportWorker0
-projectPath
E:/_IFP/2nAnyo/proyecto2Dy3D/Proyecto3D/ShrimpRun3D
-logFile
Logs/AssetImportWorker0.log
-srvPort
52236
Successfully changed project path to: E:/_IFP/2nAnyo/proyecto2Dy3D/Proyecto3D/ShrimpRun3D
E:/_IFP/2nAnyo/proyecto2Dy3D/Proyecto3D/ShrimpRun3D
Using Asset Import Pipeline V2.
Refreshing native plugins compatible for Editor in 101.54 ms, found 4 plugins.
Preloading 0 native plugins for Editor in 0.00 ms.
Initialize engine version: 2021.1.12f1 (afcadd793de6)
[Subsystems] Discovering subsystems at path C:/Program Files/Unity 2021.1.12f1/Editor/Data/Resources/UnitySubsystems
[Subsystems] Discovering subsystems at path E:/_IFP/2nAnyo/proyecto2Dy3D/Proyecto3D/ShrimpRun3D/Assets
GfxDevice: creating device client; threaded=0; jobified=0
Direct3D:
    Version:  Direct3D 11.0 [level 11.1]
    Renderer: Radeon (TM) Pro WX 4150 Graphics (ID=0x67e8)
    Vendor:   ATI
    VRAM:     4076 MB
    Driver:   25.20.15026.2
Initialize mono
Mono path[0] = 'C:/Program Files/Unity 2021.1.12f1/Editor/Data/Managed'
Mono path[1] = 'C:/Program Files/Unity 2021.1.12f1/Editor/Data/MonoBleedingEdge/lib/mono/unityjit'
Mono config path = 'C:/Program Files/Unity 2021.1.12f1/Editor/Data/MonoBleedingEdge/etc'
Using monoOptions --debugger-agent=transport=dt_socket,embedding=1,server=y,suspend=n,address=127.0.0.1:56280
Begin MonoManager ReloadAssembly
Registering precompiled unity dll's ...
Register platform support module: C:/Program Files/Unity 2021.1.12f1/Editor/Data/PlaybackEngines/WindowsStandaloneSupport/UnityEditor.WindowsStandalone.Extensions.dll
Registered in 0.004087 seconds.
Native extension for WindowsStandalone target not found
Refreshing native plugins compatible for Editor in 101.73 ms, found 4 plugins.
Preloading 0 native plugins for Editor in 0.00 ms.
Mono: successfully reloaded assembly
- Completed reload, in  2.058 seconds
Domain Reload Profiling:
	ReloadAssembly (2059ms)
		BeginReloadAssembly (65ms)
			ExecutionOrderSort (0ms)
			DisableScriptedObjects (0ms)
			BackupInstance (0ms)
			ReleaseScriptingObjects (0ms)
			CreateAndSetChildDomain (1ms)
		EndReloadAssembly (825ms)
			LoadAssemblies (62ms)
			RebuildTransferFunctionScriptingTraits (0ms)
			SetupTypeCache (332ms)
			ReleaseScriptCaches (0ms)
			RebuildScriptCaches (46ms)
			SetupLoadedEditorAssemblies (338ms)
				LogAssemblyErrors (0ms)
				InitializePlatformSupportModulesInManaged (8ms)
				SetLoadedEditorAssemblies (0ms)
				RefreshPlugins (102ms)
				BeforeProcessingInitializeOnLoad (2ms)
				ProcessInitializeOnLoadAttributes (167ms)
				ProcessInitializeOnLoadMethodAttributes (59ms)
				AfterProcessingInitializeOnLoad (0ms)
				EditorAssembliesLoaded (0ms)
			ExecutionOrderSort2 (0ms)
			AwakeInstancesAfterBackupRestoration (0ms)
Platform modules already initialized, skipping
Registering precompiled user dll's ...
Registered in 0.009191 seconds.
Begin MonoManager ReloadAssembly
Symbol file LoadedFromMemory doesn't match image E:\_IFP\2nAnyo\proyecto2Dy3D\Proyecto3D\ShrimpRun3D\Library\PackageCache\com.unity.visualscripting@1.6.1\Editor\VisualScripting.Core\Dependencies\YamlDotNet\Unity.VisualScripting.YamlDotNet.dll
Symbol file LoadedFromMemory doesn't match image E:\_IFP\2nAnyo\proyecto2Dy3D\Proyecto3D\ShrimpRun3D\Library\PackageCache\com.unity.visualscripting@1.6.1\Editor\VisualScripting.Core\Dependencies\DotNetZip\Unity.VisualScripting.IonicZip.dll
Native extension for WindowsStandalone target not found
Refreshing native plugins compatible for Editor in 0.62 ms, found 4 plugins.
Preloading 0 native plugins for Editor in 0.00 ms.
Mono: successfully reloaded assembly
- Completed reload, in  1.395 seconds
Domain Reload Profiling:
	ReloadAssembly (1395ms)
		BeginReloadAssembly (187ms)
			ExecutionOrderSort (0ms)
			DisableScriptedObjects (6ms)
			BackupInstance (0ms)
			ReleaseScriptingObjects (0ms)
			CreateAndSetChildDomain (25ms)
		EndReloadAssembly (1124ms)
			LoadAssemblies (119ms)
			RebuildTransferFunctionScriptingTraits (0ms)
			SetupTypeCache (436ms)
			ReleaseScriptCaches (1ms)
			RebuildScriptCaches (60ms)
			SetupLoadedEditorAssemblies (402ms)
				LogAssemblyErrors (0ms)
				InitializePlatformSupportModulesInManaged (5ms)
				SetLoadedEditorAssemblies (0ms)
				RefreshPlugins (1ms)
				BeforeProcessingInitializeOnLoad (75ms)
				ProcessInitializeOnLoadAttributes (307ms)
				ProcessInitializeOnLoadMethodAttributes (6ms)
				AfterProcessingInitializeOnLoad (8ms)
				EditorAssembliesLoaded (0ms)
			ExecutionOrderSort2 (0ms)
			AwakeInstancesAfterBackupRestoration (8ms)
Platform modules already initialized, skipping
========================================================================
Worker process is ready to serve import requests
Launched and connected shader compiler UnityShaderCompiler.exe after 0.05 seconds
Refreshing native plugins compatible for Editor in 0.75 ms, found 4 plugins.
Preloading 0 native plugins for Editor in 0.00 ms.
Unloading 3129 Unused Serialized files (Serialized files now loaded: 0)
System memory in use before: 113.9 MB.
System memory in use after: 114.1 MB.

Unloading 26 unused Assets to reduce memory usage. Loaded Objects now: 3574.
Total: 2.514700 ms (FindLiveObjects: 0.254400 ms CreateObjectMapping: 0.167200 ms MarkObjects: 2.005200 ms  DeleteObjects: 0.086800 ms)

AssetImportParameters requested are different than current active one (requested -> active):
  custom:framework-win-MediaFoundation: 216162199b28c13a410421893ffa2e32 -> 
  custom:video-decoder-ogg-theora: a1e56fd34408186e4bbccfd4996cb3dc -> 
  custom:container-muxer-webm: aa71ff27fc2769a1b78a27578f13a17b -> 
  custom:container-demuxer-webm: 4f35f7cbe854078d1ac9338744f61a02 -> 
  custom:container-demuxer-ogg: 62fdf1f143b41e24485cea50d1cbac27 -> 
  custom:video-encoder-webm-vp8: eb34c28f22e8b96e1ab97ce403110664 -> 
  custom:video-decoder-webm-vp8: 9c59270c3fd7afecdb556c50c9e8de78 -> 
  custom:audio-decoder-ogg-vorbis: bf7c407c2cedff20999df2af8eb42d56 -> 
  custom:audio-encoder-webm-vorbis: bf7c407c2cedff20999df2af8eb42d56 -> 
========================================================================
Received Import Request.
  path: Assets/Sprites/Obstacles/just-lava/source/tinker.obj
  artifactKey: Guid(476914ca6a08fc64287a0048dcc48e03) Importer(815301076,1909f56bfc062723c751e8b465ee728b)
Start importing Assets/Sprites/Obstacles/just-lava/source/tinker.obj using Guid(476914ca6a08fc64287a0048dcc48e03) Importer(815301076,1909f56bfc062723c751e8b465ee728b)  -> (artifact id: '318dbad9ed5b9dfa3d3b84c0f2b22bfb') in 0.287937 seconds 
========================================================================
Received Import Request.
  Time since last request: 1.264200 seconds.
  path: Assets/Sprites/Obstacles/just-lava/source/obj.mtl
  artifactKey: Guid(3e70db8ec58856e4796c4c0fc6b9b3b7) Importer(815301076,1909f56bfc062723c751e8b465ee728b)
Start importing Assets/Sprites/Obstacles/just-lava/source/obj.mtl using Guid(3e70db8ec58856e4796c4c0fc6b9b3b7) Importer(815301076,1909f56bfc062723c751e8b465ee728b)  -> (artifact id: '0683fb6738fea5ff58e7703c9dcec576') in 0.025004 seconds 
========================================================================
Received Import Request.
  Time since last request: 11.160670 seconds.
  path: Assets/Sprites/Obstacles/just-lava/source/tinker.obj
  artifactKey: Guid(476914ca6a08fc64287a0048dcc48e03) Importer(815301076,1909f56bfc062723c751e8b465ee728b)
Start importing Assets/Sprites/Obstacles/just-lava/source/tinker.obj using Guid(476914ca6a08fc64287a0048dcc48e03) Importer(815301076,1909f56bfc062723c751e8b465ee728b)  -> (artifact id: '30de777e7f215149077fd8bd16f6a75d') in 0.099621 seconds 
========================================================================
Received Import Request.
  Time since last request: 4.836947 seconds.
  path: Assets/Sprites/Obstacles/just-lava/source/tinker.obj
  artifactKey: Guid(476914ca6a08fc64287a0048dcc48e03) Importer(815301076,1909f56bfc062723c751e8b465ee728b)
Start importing Assets/Sprites/Obstacles/just-lava/source/tinker.obj using Guid(476914ca6a08fc64287a0048dcc48e03) Importer(815301076,1909f56bfc062723c751e8b465ee728b)  -> (artifact id: '54928e731597c9dd1c5db9d38eb510aa') in 0.091947 seconds 
========================================================================
Received Import Request.
  Time since last request: 3.470659 seconds.
  path: Assets/Sprites/Obstacles/just-lava/source/tinker.obj
  artifactKey: Guid(476914ca6a08fc64287a0048dcc48e03) Importer(815301076,1909f56bfc062723c751e8b465ee728b)
Start importing Assets/Sprites/Obstacles/just-lava/source/tinker.obj using Guid(476914ca6a08fc64287a0048dcc48e03) Importer(815301076,1909f56bfc062723c751e8b465ee728b)  -> (artifact id: '9058e7430c21fabb4e7da2bb86b84cfd') in 0.076169 seconds 
========================================================================
Received Import Request.
  Time since last request: 8.309067 seconds.
  path: Assets/Sprites/Obstacles/just-lava/source/tinker.obj
  artifactKey: Guid(476914ca6a08fc64287a0048dcc48e03) Importer(815301076,1909f56bfc062723c751e8b465ee728b)
Start importing Assets/Sprites/Obstacles/just-lava/source/tinker.obj using Guid(476914ca6a08fc64287a0048dcc48e03) Importer(815301076,1909f56bfc062723c751e8b465ee728b)  -> (artifact id: '561b0754b55164a7f900d550bd1335ee') in 0.076309 seconds 
========================================================================
Received Import Request.
  Time since last request: 186.833987 seconds.
  path: Assets/Sprites/Obstacles/just-lava/source
  artifactKey: Guid(f7c72a339e65d5642b4c1b5bb16de6ba) Importer(815301076,1909f56bfc062723c751e8b465ee728b)
Start importing Assets/Sprites/Obstacles/just-lava/source using Guid(f7c72a339e65d5642b4c1b5bb16de6ba) Importer(815301076,1909f56bfc062723c751e8b465ee728b)  -> (artifact id: 'd46f2dc6a894e89285392b9ddece0ab0') in 0.021104 seconds 
AssetImportWorkerClient::OnTransportError - code=2 error=End of file
